<?xml version="1.0" encoding="UTF-8"?>
<!-- Generated by org.testng.reporters.JUnitXMLReporter -->
<testsuite ignored="4" hostname="XYZ" failures="2" tests="2" name="Default test(failed)" time="0.07" errors="0" timestamp="2020-01-04T21:47:20 IST">
  <testcase classname="TestNgPkg.TestCls" name="f" time="0.014">
    <failure type="java.lang.AssertionError" message="did not expect to find [true] but found [false]">
      <![CDATA[java.lang.AssertionError: did not expect to find [true] but found [false]
at TestNgPkg.TestCls.f(TestCls.java:11)
at java.base/java.util.ArrayList.forEach(ArrayList.java:1540)
... Removed 31 stack frames]]>
    </failure>
  </testcase> <!-- f -->
  <testcase classname="TestNgPkg.TestCls" name="f2" time="0.002">
    <failure type="java.lang.AssertionError" message="did not expect to find [true] but found [false]">
      <![CDATA[java.lang.AssertionError: did not expect to find [true] but found [false]
at TestNgPkg.TestCls.f2(TestCls.java:19)
at java.base/java.util.ArrayList.forEach(ArrayList.java:1540)
... Removed 31 stack frames]]>
    </failure>
  </testcase> <!-- f2 -->
  <testcase classname="TestNgPkg.TestCls" name="f3" time="0.0">
    <ignored/>
  </testcase> <!-- f3 -->
  <testcase classname="TestNgPkg.TestCls" name="f4" time="0.0">
    <ignored/>
  </testcase> <!-- f4 -->
  <testcase classname="TestNgPkg.TestCls" name="f5" time="0.0">
    <ignored/>
  </testcase> <!-- f5 -->
  <testcase classname="TestNgPkg.TestCls" name="f1" time="0.0">
    <ignored/>
  </testcase> <!-- f1 -->
</testsuite> <!-- Default test(failed) -->
