<?xml version="1.0" encoding="UTF-8"?>
<!-- Generated by org.testng.reporters.JUnitXMLReporter -->
<testsuite ignored="4" hostname="XYZ" failures="0" tests="2" name="Test1" time="0.059" errors="0" timestamp="2020-01-04T21:35:57 IST">
  <testcase classname="TestNgPkg.TestCls" name="f" time="0.012"/>
  <testcase classname="TestNgPkg.TestCls" name="f5" time="0.002"/>
  <testcase classname="TestNgPkg.TestCls" name="f3" time="0.0">
    <ignored/>
  </testcase> <!-- f3 -->
  <testcase classname="TestNgPkg.TestCls" name="f4" time="0.0">
    <ignored/>
  </testcase> <!-- f4 -->
  <testcase classname="TestNgPkg.TestCls" name="f1" time="0.0">
    <ignored/>
  </testcase> <!-- f1 -->
  <testcase classname="TestNgPkg.TestCls" name="f2" time="0.0">
    <ignored/>
  </testcase> <!-- f2 -->
</testsuite> <!-- Test1 -->
